[0m
[0m [0m [0m [0m [0m [0m [0m [0m [0m [0m [0m [0m [0m [0m [0m [0m [0m [0m [0m [0m [0m [0m [0m [0m [0m [0m [0m [0m [0m [0m [0m [0m [0m [0m [0m [0m [0m [0m [0m [0m [0m [0m [0m [0m [0m [0m [0m [0m [0m [0m [0m [0m [0m [0m [0m [0m [0m [0m [0m [48;5;255m [48;5;255m [0m [0m [0m [0m [0m [0m [0m [0m [0m [0m [0m [0m
[0m [0m [0m [0m [0m [0m [0m [0m [0m [0m [0m [0m [0m [0m [0m [0m [0m [0m [0m [0m [0m [0m [0m [0m [0m [0m [0m [0m [0m [0m [0m [0m [0m [0m [0m [0m [0m [0m [0m [0m [0m [0m [0m [0m [0m [0m [0m [0m [0m [0m [0m [0m [0m [0m [0m [0m [0m [0m [0m [48;5;255m [48;5;255m [0m [0m [0m [0m [0m [0m [0m [0m [0m [0m [0m [0m
[0m [0m [0m [0m [0m [0m [0m [0m [0m [0m [0m [0m [0m [0m [0m [0m [0m [0m [0m [0m [0m [0m [0m [0m [0m [0m [0m [0m [0m [0m [0m [0m [0m [0m [0m [0m [0m [0m [0m [0m [0m [0m [0m [0m [0m [0m [0m [0m [0m [0m [0m [0m [0m [0m [0m [0m [0m [0m [0m [48;5;255m [48;5;255m [0m [0m [0m [0m [0m [0m [0m [0m [0m [0m [0m [0m
[48;5;255m [48;5;255m [48;5;255m [48;5;255m [48;5;255m [48;5;255m [48;5;255m [0m [0m [48;5;255m [48;5;255m [48;5;255m [48;5;255m [48;5;255m [48;5;255m [48;5;255m [48;5;255m [0m [0m [48;5;255m [48;5;255m [48;5;255m [48;5;255m [48;5;255m [48;5;255m [48;5;255m [48;5;255m [48;5;255m [48;5;255m [48;5;255m [48;5;255m [0m [0m [48;5;255m [48;5;255m [48;5;255m [48;5;255m [48;5;255m [48;5;255m [48;5;255m [48;5;255m [0m [0m [48;5;255m [48;5;255m [48;5;255m [48;5;255m [48;5;255m [48;5;255m [48;5;255m [48;5;255m [0m [0m [48;5;255m [48;5;255m [48;5;255m [48;5;255m [48;5;255m [48;5;255m [48;5;255m [48;5;255m [0m [0m [48;5;255m [48;5;255m [48;5;255m [48;5;255m [48;5;255m [48;5;255m [48;5;255m [48;5;255m [0m [0m [48;5;255m [48;5;255m [48;5;255m [48;5;255m [48;5;255m [48;5;255m [48;5;255m [48;5;255m [0m
[48;5;255m [48;5;255m [0m [0m [0m [0m [0m [0m [0m [48;5;255m [48;5;255m [0m [0m [0m [0m [48;5;255m [48;5;255m [0m [0m [48;5;255m [48;5;255m [0m [0m [0m [48;5;255m [48;5;255m [0m [0m [0m [48;5;255m [48;5;255m [0m [0m [48;5;255m [48;5;255m [0m [0m [0m [0m [48;5;255m [48;5;255m [0m [0m [48;5;255m [48;5;255m [0m [0m [0m [0m [48;5;255m [48;5;255m [0m [0m [48;5;255m [48;5;255m [0m [0m [0m [0m [48;5;255m [48;5;255m [0m [0m [48;5;255m [48;5;255m [0m [0m [0m [0m [48;5;255m [48;5;255m [0m [0m [48;5;255m [48;5;255m [0m
[48;5;255m [48;5;255m [0m [0m [0m [0m [0m [0m [0m [48;5;255m [48;5;255m [0m [0m [0m [0m [48;5;255m [48;5;255m [0m [0m [48;5;255m [48;5;255m [0m [0m [0m [48;5;255m [48;5;255m [0m [0m [0m [48;5;255m [48;5;255m [0m [0m [48;5;255m [48;5;255m [0m [0m [0m [0m [48;5;255m [48;5;255m [0m [0m [48;5;255m [48;5;255m [0m [0m [0m [0m [48;5;255m [48;5;255m [0m [0m [48;5;255m [48;5;255m [0m [0m [0m [0m [48;5;255m [48;5;255m [0m [0m [48;5;255m [48;5;255m [0m [0m [0m [0m [48;5;255m [48;5;255m [0m [0m [48;5;255m [48;5;255m [0m
[48;5;255m [48;5;255m [0m [0m [0m [0m [0m [0m [0m [48;5;255m [48;5;255m [0m [0m [0m [0m [48;5;255m [48;5;255m [0m [0m [48;5;255m [48;5;255m [0m [0m [0m [48;5;255m [48;5;255m [0m [0m [0m [48;5;255m [48;5;255m [0m [0m [48;5;255m [48;5;255m [0m [0m [0m [0m [48;5;255m [48;5;255m [0m [0m [48;5;255m [48;5;255m [0m [0m [0m [0m [48;5;255m [48;5;255m [0m [0m [48;5;255m [48;5;255m [0m [0m [0m [0m [48;5;255m [48;5;255m [0m [0m [48;5;255m [48;5;255m [0m [0m [0m [0m [48;5;255m [48;5;255m [0m [0m [48;5;255m [48;5;255m [0m
[48;5;255m [48;5;255m [48;5;255m [48;5;255m [48;5;255m [48;5;255m [48;5;255m [0m [0m [48;5;255m [48;5;255m [48;5;255m [48;5;255m [48;5;255m [48;5;255m [48;5;255m [48;5;255m [0m [0m [48;5;255m [48;5;255m [0m [0m [0m [48;5;255m [48;5;255m [0m [0m [0m [48;5;255m [48;5;255m [0m [0m [48;5;255m [48;5;255m [48;5;255m [48;5;255m [48;5;255m [48;5;255m [48;5;255m [48;5;255m [0m [0m [48;5;255m [48;5;255m [48;5;255m [48;5;255m [48;5;255m [48;5;255m [48;5;255m [48;5;255m [0m [0m [48;5;255m [48;5;255m [48;5;255m [48;5;255m [48;5;255m [48;5;255m [48;5;255m [48;5;255m [0m [0m [48;5;255m [48;5;255m [48;5;255m [48;5;255m [48;5;255m [48;5;255m [48;5;255m [48;5;255m [0m [0m [48;5;255m [48;5;255m [48;5;255m [48;5;255m [48;5;255m [48;5;255m [48;5;255m [48;5;255m [0m
[0m [0m [0m [0m [0m [0m [0m [0m [0m [0m [0m [0m [0m [0m [0m [0m [0m [0m [0m [0m [0m [0m [0m [0m [0m [0m [0m [0m [0m [0m [0m [0m [0m [48;5;255m [48;5;255m [0m [0m [0m [0m [0m [0m [0m [0m [0m [0m [0m [0m
[0m [0m [0m [0m [0m [0m [0m [0m [0m [0m [0m [0m [0m [0m [0m [0m [0m [0m [0m [0m [0m [0m [0m [0m [0m [0m [0m [0m [0m [0m [0m [0m [0m [48;5;255m [48;5;255m [0m [0m [0m [0m [0m [0m [0m [0m [0m [0m [0m [0m
[0m [0m [0m [0m [0m [0m [0m [0m [0m [0m [0m [0m [0m [0m [0m [0m [0m [0m [0m [0m [0m [0m [0m [0m [0m [0m [0m [0m [0m [0m [0m [0m [0m [48;5;255m [48;5;255m [0m [0m [0m [0m [0m [0m [0m [0m [0m [0m [0m [0m

1.1.18

TypeScript version used by Compodoc : 4.5.2

TypeScript version of current project : 4.5.2

Node.js version : v16.14.2

Operating system : macOS

[16:41:18] No configuration file found, switching to CLI flags.
[16:41:18] Using tsconfig file : /Volumes/BEEMO-SSD/02_WorkFiles/02_ScubboClients/01_Hays/robotron/Finanzmakler/FE-Library/fm-library/fm-library/tsconfig.json
[16:41:18] Including      : /Volumes/BEEMO-SSD/02_WorkFiles/02_ScubboClients/01_Hays/robotron/Finanzmakler/FE-Library/fm-library/fm-library/.DS_Store
[16:41:18] Including      : /Volumes/BEEMO-SSD/02_WorkFiles/02_ScubboClients/01_Hays/robotron/Finanzmakler/FE-Library/fm-library/fm-library/.browserslistrc
[16:41:18] Including      : /Volumes/BEEMO-SSD/02_WorkFiles/02_ScubboClients/01_Hays/robotron/Finanzmakler/FE-Library/fm-library/fm-library/.editorconfig
[16:41:18] Including      : /Volumes/BEEMO-SSD/02_WorkFiles/02_ScubboClients/01_Hays/robotron/Finanzmakler/FE-Library/fm-library/fm-library/.gitignore
[16:41:18] Including      : /Volumes/BEEMO-SSD/02_WorkFiles/02_ScubboClients/01_Hays/robotron/Finanzmakler/FE-Library/fm-library/fm-library/.npmrc
[16:41:18] Including      : /Volumes/BEEMO-SSD/02_WorkFiles/02_ScubboClients/01_Hays/robotron/Finanzmakler/FE-Library/fm-library/fm-library/README.md
[16:41:18] Including      : /Volumes/BEEMO-SSD/02_WorkFiles/02_ScubboClients/01_Hays/robotron/Finanzmakler/FE-Library/fm-library/fm-library/angular.json
[16:41:18] Including      : /Volumes/BEEMO-SSD/02_WorkFiles/02_ScubboClients/01_Hays/robotron/Finanzmakler/FE-Library/fm-library/fm-library/build-storybook.log
[16:41:18] Including      : /Volumes/BEEMO-SSD/02_WorkFiles/02_ScubboClients/01_Hays/robotron/Finanzmakler/FE-Library/fm-library/fm-library/documentation.json
[16:41:18] Including      : /Volumes/BEEMO-SSD/02_WorkFiles/02_ScubboClients/01_Hays/robotron/Finanzmakler/FE-Library/fm-library/fm-library/karma.conf.js
[16:41:18] Including      : /Volumes/BEEMO-SSD/02_WorkFiles/02_ScubboClients/01_Hays/robotron/Finanzmakler/FE-Library/fm-library/fm-library/package-lock.json
[16:41:18] Including      : /Volumes/BEEMO-SSD/02_WorkFiles/02_ScubboClients/01_Hays/robotron/Finanzmakler/FE-Library/fm-library/fm-library/package.json
[16:41:18] Including      : /Volumes/BEEMO-SSD/02_WorkFiles/02_ScubboClients/01_Hays/robotron/Finanzmakler/FE-Library/fm-library/fm-library/tsconfig.app.json
[16:41:18] Including      : /Volumes/BEEMO-SSD/02_WorkFiles/02_ScubboClients/01_Hays/robotron/Finanzmakler/FE-Library/fm-library/fm-library/tsconfig.json
[16:41:18] Including      : /Volumes/BEEMO-SSD/02_WorkFiles/02_ScubboClients/01_Hays/robotron/Finanzmakler/FE-Library/fm-library/fm-library/tsconfig.spec.json
[16:41:18] Including      : /Volumes/BEEMO-SSD/02_WorkFiles/02_ScubboClients/01_Hays/robotron/Finanzmakler/FE-Library/fm-library/fm-library/.storybook/preview.js
[16:41:18] Including      : /Volumes/BEEMO-SSD/02_WorkFiles/02_ScubboClients/01_Hays/robotron/Finanzmakler/FE-Library/fm-library/fm-library/.storybook/main.js
[16:41:18] Including      : /Volumes/BEEMO-SSD/02_WorkFiles/02_ScubboClients/01_Hays/robotron/Finanzmakler/FE-Library/fm-library/fm-library/.storybook/tsconfig.json
[16:41:18] Ignoring       : /Volumes/BEEMO-SSD/02_WorkFiles/02_ScubboClients/01_Hays/robotron/Finanzmakler/FE-Library/fm-library/fm-library/.storybook/typings.d.ts
[16:41:18] Including      : /Volumes/BEEMO-SSD/02_WorkFiles/02_ScubboClients/01_Hays/robotron/Finanzmakler/FE-Library/fm-library/fm-library/.vscode/extensions.json
[16:41:18] Including      : /Volumes/BEEMO-SSD/02_WorkFiles/02_ScubboClients/01_Hays/robotron/Finanzmakler/FE-Library/fm-library/fm-library/.vscode/tasks.json
[16:41:18] Including      : /Volumes/BEEMO-SSD/02_WorkFiles/02_ScubboClients/01_Hays/robotron/Finanzmakler/FE-Library/fm-library/fm-library/.vscode/launch.json
[16:41:18] Including      : /Volumes/BEEMO-SSD/02_WorkFiles/02_ScubboClients/01_Hays/robotron/Finanzmakler/FE-Library/fm-library/fm-library/src/.DS_Store
[16:41:18] Including      : /Volumes/BEEMO-SSD/02_WorkFiles/02_ScubboClients/01_Hays/robotron/Finanzmakler/FE-Library/fm-library/fm-library/src/favicon.ico
[16:41:18] Including      : /Volumes/BEEMO-SSD/02_WorkFiles/02_ScubboClients/01_Hays/robotron/Finanzmakler/FE-Library/fm-library/fm-library/src/index.html
[16:41:18] Including      : /Volumes/BEEMO-SSD/02_WorkFiles/02_ScubboClients/01_Hays/robotron/Finanzmakler/FE-Library/fm-library/fm-library/src/main.ts
[16:41:18] Including      : /Volumes/BEEMO-SSD/02_WorkFiles/02_ScubboClients/01_Hays/robotron/Finanzmakler/FE-Library/fm-library/fm-library/src/polyfills.ts
[16:41:18] Including      : /Volumes/BEEMO-SSD/02_WorkFiles/02_ScubboClients/01_Hays/robotron/Finanzmakler/FE-Library/fm-library/fm-library/src/styles.scss
[16:41:18] Including      : /Volumes/BEEMO-SSD/02_WorkFiles/02_ScubboClients/01_Hays/robotron/Finanzmakler/FE-Library/fm-library/fm-library/src/test.ts
[16:41:18] Including      : /Volumes/BEEMO-SSD/02_WorkFiles/02_ScubboClients/01_Hays/robotron/Finanzmakler/FE-Library/fm-library/fm-library/src/app/app-routing.module.ts
[16:41:18] Including      : /Volumes/BEEMO-SSD/02_WorkFiles/02_ScubboClients/01_Hays/robotron/Finanzmakler/FE-Library/fm-library/fm-library/src/app/app.component.html
[16:41:18] Ignoring       : /Volumes/BEEMO-SSD/02_WorkFiles/02_ScubboClients/01_Hays/robotron/Finanzmakler/FE-Library/fm-library/fm-library/src/app/app.component.spec.ts
[16:41:18] Including      : /Volumes/BEEMO-SSD/02_WorkFiles/02_ScubboClients/01_Hays/robotron/Finanzmakler/FE-Library/fm-library/fm-library/src/app/app.component.ts
[16:41:18] Including      : /Volumes/BEEMO-SSD/02_WorkFiles/02_ScubboClients/01_Hays/robotron/Finanzmakler/FE-Library/fm-library/fm-library/src/app/app.module.ts
[16:41:18] Including      : /Volumes/BEEMO-SSD/02_WorkFiles/02_ScubboClients/01_Hays/robotron/Finanzmakler/FE-Library/fm-library/fm-library/src/app/app.component.scss
[16:41:18] Including      : /Volumes/BEEMO-SSD/02_WorkFiles/02_ScubboClients/01_Hays/robotron/Finanzmakler/FE-Library/fm-library/fm-library/src/assets/.gitkeep
[16:41:18] Including      : /Volumes/BEEMO-SSD/02_WorkFiles/02_ScubboClients/01_Hays/robotron/Finanzmakler/FE-Library/fm-library/fm-library/src/assets/avataaars.png
[16:41:18] Including      : /Volumes/BEEMO-SSD/02_WorkFiles/02_ScubboClients/01_Hays/robotron/Finanzmakler/FE-Library/fm-library/fm-library/src/environments/environment.prod.ts
[16:41:18] Including      : /Volumes/BEEMO-SSD/02_WorkFiles/02_ScubboClients/01_Hays/robotron/Finanzmakler/FE-Library/fm-library/fm-library/src/environments/environment.ts
[16:41:18] Including      : /Volumes/BEEMO-SSD/02_WorkFiles/02_ScubboClients/01_Hays/robotron/Finanzmakler/FE-Library/fm-library/fm-library/src/stories/Button.stories.ts
[16:41:18] Including      : /Volumes/BEEMO-SSD/02_WorkFiles/02_ScubboClients/01_Hays/robotron/Finanzmakler/FE-Library/fm-library/fm-library/src/stories/Header.stories.ts
[16:41:18] Including      : /Volumes/BEEMO-SSD/02_WorkFiles/02_ScubboClients/01_Hays/robotron/Finanzmakler/FE-Library/fm-library/fm-library/src/stories/Page.stories.ts
[16:41:18] Including      : /Volumes/BEEMO-SSD/02_WorkFiles/02_ScubboClients/01_Hays/robotron/Finanzmakler/FE-Library/fm-library/fm-library/src/stories/Introduction.stories.mdx
[16:41:18] Including      : /Volumes/BEEMO-SSD/02_WorkFiles/02_ScubboClients/01_Hays/robotron/Finanzmakler/FE-Library/fm-library/fm-library/src/stories/User.ts
[16:41:18] Including      : /Volumes/BEEMO-SSD/02_WorkFiles/02_ScubboClients/01_Hays/robotron/Finanzmakler/FE-Library/fm-library/fm-library/src/stories/button.component.ts
[16:41:18] Including      : /Volumes/BEEMO-SSD/02_WorkFiles/02_ScubboClients/01_Hays/robotron/Finanzmakler/FE-Library/fm-library/fm-library/src/stories/button.css
[16:41:18] Including      : /Volumes/BEEMO-SSD/02_WorkFiles/02_ScubboClients/01_Hays/robotron/Finanzmakler/FE-Library/fm-library/fm-library/src/stories/header.component.ts
[16:41:18] Including      : /Volumes/BEEMO-SSD/02_WorkFiles/02_ScubboClients/01_Hays/robotron/Finanzmakler/FE-Library/fm-library/fm-library/src/stories/header.css
[16:41:18] Including      : /Volumes/BEEMO-SSD/02_WorkFiles/02_ScubboClients/01_Hays/robotron/Finanzmakler/FE-Library/fm-library/fm-library/src/stories/page.component.ts
[16:41:18] Including      : /Volumes/BEEMO-SSD/02_WorkFiles/02_ScubboClients/01_Hays/robotron/Finanzmakler/FE-Library/fm-library/fm-library/src/stories/page.css
[16:41:18] Including      : /Volumes/BEEMO-SSD/02_WorkFiles/02_ScubboClients/01_Hays/robotron/Finanzmakler/FE-Library/fm-library/fm-library/src/app/shared/shared.module.ts
[16:41:18] Including      : /Volumes/BEEMO-SSD/02_WorkFiles/02_ScubboClients/01_Hays/robotron/Finanzmakler/FE-Library/fm-library/fm-library/src/stories/assets/code-brackets.svg
[16:41:18] Including      : /Volumes/BEEMO-SSD/02_WorkFiles/02_ScubboClients/01_Hays/robotron/Finanzmakler/FE-Library/fm-library/fm-library/src/stories/assets/colors.svg
[16:41:18] Including      : /Volumes/BEEMO-SSD/02_WorkFiles/02_ScubboClients/01_Hays/robotron/Finanzmakler/FE-Library/fm-library/fm-library/src/stories/assets/comments.svg
[16:41:18] Including      : /Volumes/BEEMO-SSD/02_WorkFiles/02_ScubboClients/01_Hays/robotron/Finanzmakler/FE-Library/fm-library/fm-library/src/stories/assets/direction.svg
[16:41:18] Including      : /Volumes/BEEMO-SSD/02_WorkFiles/02_ScubboClients/01_Hays/robotron/Finanzmakler/FE-Library/fm-library/fm-library/src/stories/assets/flow.svg
[16:41:18] Including      : /Volumes/BEEMO-SSD/02_WorkFiles/02_ScubboClients/01_Hays/robotron/Finanzmakler/FE-Library/fm-library/fm-library/src/stories/assets/plugin.svg
[16:41:18] Including      : /Volumes/BEEMO-SSD/02_WorkFiles/02_ScubboClients/01_Hays/robotron/Finanzmakler/FE-Library/fm-library/fm-library/src/stories/assets/repo.svg
[16:41:18] Including      : /Volumes/BEEMO-SSD/02_WorkFiles/02_ScubboClients/01_Hays/robotron/Finanzmakler/FE-Library/fm-library/fm-library/src/stories/assets/stackalt.svg
[16:41:18] Including      : /Volumes/BEEMO-SSD/02_WorkFiles/02_ScubboClients/01_Hays/robotron/Finanzmakler/FE-Library/fm-library/fm-library/src/app/shared/avatar/avatar.component.html
[16:41:18] Including      : /Volumes/BEEMO-SSD/02_WorkFiles/02_ScubboClients/01_Hays/robotron/Finanzmakler/FE-Library/fm-library/fm-library/src/app/shared/avatar/avatar.component.scss
[16:41:18] Ignoring       : /Volumes/BEEMO-SSD/02_WorkFiles/02_ScubboClients/01_Hays/robotron/Finanzmakler/FE-Library/fm-library/fm-library/src/app/shared/avatar/avatar.component.spec.ts
[16:41:18] Including      : /Volumes/BEEMO-SSD/02_WorkFiles/02_ScubboClients/01_Hays/robotron/Finanzmakler/FE-Library/fm-library/fm-library/src/app/shared/avatar/avatar.component.ts
[16:41:18] Including      : /Volumes/BEEMO-SSD/02_WorkFiles/02_ScubboClients/01_Hays/robotron/Finanzmakler/FE-Library/fm-library/fm-library/src/app/shared/avatar/avatar.stories.ts
[16:41:18] Including      : /Volumes/BEEMO-SSD/02_WorkFiles/02_ScubboClients/01_Hays/robotron/Finanzmakler/FE-Library/fm-library/fm-library/src/app/shared/avatar-list/avatar-list.component.html
[16:41:18] Including      : /Volumes/BEEMO-SSD/02_WorkFiles/02_ScubboClients/01_Hays/robotron/Finanzmakler/FE-Library/fm-library/fm-library/src/app/shared/avatar-list/avatar-list.component.scss
[16:41:18] Ignoring       : /Volumes/BEEMO-SSD/02_WorkFiles/02_ScubboClients/01_Hays/robotron/Finanzmakler/FE-Library/fm-library/fm-library/src/app/shared/avatar-list/avatar-list.component.spec.ts
[16:41:18] Including      : /Volumes/BEEMO-SSD/02_WorkFiles/02_ScubboClients/01_Hays/robotron/Finanzmakler/FE-Library/fm-library/fm-library/src/app/shared/avatar-list/avatar-list.component.ts
[16:41:18] Including      : /Volumes/BEEMO-SSD/02_WorkFiles/02_ScubboClients/01_Hays/robotron/Finanzmakler/FE-Library/fm-library/fm-library/src/app/shared/avatar-list/avatar-list.stories.ts
[16:41:18] Including      : /Volumes/BEEMO-SSD/02_WorkFiles/02_ScubboClients/01_Hays/robotron/Finanzmakler/FE-Library/fm-library/fm-library/src/app/shared/models/avatar-data.model.ts
[16:41:18] Including      : /Volumes/BEEMO-SSD/02_WorkFiles/02_ScubboClients/01_Hays/robotron/Finanzmakler/FE-Library/fm-library/fm-library/.angular/cache/13.3.11/babel-webpack/09591f9017bb3f36221b6aab17aaae64.json
[16:41:18] Including      : /Volumes/BEEMO-SSD/02_WorkFiles/02_ScubboClients/01_Hays/robotron/Finanzmakler/FE-Library/fm-library/fm-library/.angular/cache/13.3.11/babel-webpack/20b3b9b822130a640030d0246708e371.json
[16:41:18] Including      : /Volumes/BEEMO-SSD/02_WorkFiles/02_ScubboClients/01_Hays/robotron/Finanzmakler/FE-Library/fm-library/fm-library/.angular/cache/13.3.11/babel-webpack/2b232f51216ca24d12b8a9c24b3c843e.json
[16:41:18] Including      : /Volumes/BEEMO-SSD/02_WorkFiles/02_ScubboClients/01_Hays/robotron/Finanzmakler/FE-Library/fm-library/fm-library/.angular/cache/13.3.11/babel-webpack/37dbfe538910a66fd371e34147d3f479.json
[16:41:18] Including      : /Volumes/BEEMO-SSD/02_WorkFiles/02_ScubboClients/01_Hays/robotron/Finanzmakler/FE-Library/fm-library/fm-library/.angular/cache/13.3.11/babel-webpack/3ab11ef9a3612c4f7b72c42889ff2f86.json
[16:41:18] Including      : /Volumes/BEEMO-SSD/02_WorkFiles/02_ScubboClients/01_Hays/robotron/Finanzmakler/FE-Library/fm-library/fm-library/.angular/cache/13.3.11/babel-webpack/4f53fa8a2620726fb2cfd0f705cba42a.json
[16:41:18] Including      : /Volumes/BEEMO-SSD/02_WorkFiles/02_ScubboClients/01_Hays/robotron/Finanzmakler/FE-Library/fm-library/fm-library/.angular/cache/13.3.11/babel-webpack/89d7c78690c1ba3c18c356052412d3ec.json
[16:41:18] Including      : /Volumes/BEEMO-SSD/02_WorkFiles/02_ScubboClients/01_Hays/robotron/Finanzmakler/FE-Library/fm-library/fm-library/.angular/cache/13.3.11/babel-webpack/8bb05eb7900d9095470b9f30ae4e61d6.json
[16:41:18] Including      : /Volumes/BEEMO-SSD/02_WorkFiles/02_ScubboClients/01_Hays/robotron/Finanzmakler/FE-Library/fm-library/fm-library/.angular/cache/13.3.11/babel-webpack/9e1eb2170f8d95e525ba2de204dc00bc.json
[16:41:18] Including      : /Volumes/BEEMO-SSD/02_WorkFiles/02_ScubboClients/01_Hays/robotron/Finanzmakler/FE-Library/fm-library/fm-library/.angular/cache/13.3.11/babel-webpack/ab341c0d4a4da5bd43c49e9486ccd9a6.json
[16:41:18] Including      : /Volumes/BEEMO-SSD/02_WorkFiles/02_ScubboClients/01_Hays/robotron/Finanzmakler/FE-Library/fm-library/fm-library/.angular/cache/13.3.11/babel-webpack/b6657ac3665c69398ac78c0354dd3784.json
[16:41:18] Including      : /Volumes/BEEMO-SSD/02_WorkFiles/02_ScubboClients/01_Hays/robotron/Finanzmakler/FE-Library/fm-library/fm-library/.angular/cache/13.3.11/babel-webpack/c1d0eb063327495bc65c84766090079e.json
[16:41:18] Including      : /Volumes/BEEMO-SSD/02_WorkFiles/02_ScubboClients/01_Hays/robotron/Finanzmakler/FE-Library/fm-library/fm-library/.angular/cache/13.3.11/babel-webpack/cf1453ecf70220e14a9bc6e1d8b1881d.json
[16:41:18] Including      : /Volumes/BEEMO-SSD/02_WorkFiles/02_ScubboClients/01_Hays/robotron/Finanzmakler/FE-Library/fm-library/fm-library/.angular/cache/13.3.11/babel-webpack/d58234e7de5a75ec9304d2e10eabddaa.json
[16:41:18] Including      : /Volumes/BEEMO-SSD/02_WorkFiles/02_ScubboClients/01_Hays/robotron/Finanzmakler/FE-Library/fm-library/fm-library/.angular/cache/13.3.11/babel-webpack/e0b8a3711ac6c7bc9742e79fa2b1f1eb.json
[16:41:18] Including      : /Volumes/BEEMO-SSD/02_WorkFiles/02_ScubboClients/01_Hays/robotron/Finanzmakler/FE-Library/fm-library/fm-library/.angular/cache/13.3.11/babel-webpack/e71ddd706501cdad768af2d1cea289b8.json
[16:41:18] Including      : /Volumes/BEEMO-SSD/02_WorkFiles/02_ScubboClients/01_Hays/robotron/Finanzmakler/FE-Library/fm-library/fm-library/.angular/cache/13.3.11/babel-webpack/e7778abc5d788934707dc2b2b9f806f9.json
[16:41:18] Including      : /Volumes/BEEMO-SSD/02_WorkFiles/02_ScubboClients/01_Hays/robotron/Finanzmakler/FE-Library/fm-library/fm-library/.angular/cache/13.3.11/babel-webpack/f0bb608c772210aa32fc2082335a2b0f.json
[16:41:18] Including      : /Volumes/BEEMO-SSD/02_WorkFiles/02_ScubboClients/01_Hays/robotron/Finanzmakler/FE-Library/fm-library/fm-library/.angular/cache/13.3.11/babel-webpack/f486a001ad12a02980b35fa46192940c.json
[16:41:18] Including      : /Volumes/BEEMO-SSD/02_WorkFiles/02_ScubboClients/01_Hays/robotron/Finanzmakler/FE-Library/fm-library/fm-library/.angular/cache/13.3.11/babel-webpack/f8b1aab3bc751a7ca7cd54aa694fc4c9.json
[16:41:18] Including      : /Volumes/BEEMO-SSD/02_WorkFiles/02_ScubboClients/01_Hays/robotron/Finanzmakler/FE-Library/fm-library/fm-library/.angular/cache/13.1.4/babel-webpack/020f691d4accdda94268a57cb7737c5f.json
[16:41:18] Including      : /Volumes/BEEMO-SSD/02_WorkFiles/02_ScubboClients/01_Hays/robotron/Finanzmakler/FE-Library/fm-library/fm-library/.angular/cache/13.1.4/babel-webpack/02d300771ef8b6312892a667e4bbc7d9.json
[16:41:18] Including      : /Volumes/BEEMO-SSD/02_WorkFiles/02_ScubboClients/01_Hays/robotron/Finanzmakler/FE-Library/fm-library/fm-library/.angular/cache/13.1.4/babel-webpack/0828df0d8e1b239034a9cfcf21b9c114.json
[16:41:18] Including      : /Volumes/BEEMO-SSD/02_WorkFiles/02_ScubboClients/01_Hays/robotron/Finanzmakler/FE-Library/fm-library/fm-library/.angular/cache/13.1.4/babel-webpack/08b2c96134005f3fcaa7a47450bd10ba.json
[16:41:18] Including      : /Volumes/BEEMO-SSD/02_WorkFiles/02_ScubboClients/01_Hays/robotron/Finanzmakler/FE-Library/fm-library/fm-library/.angular/cache/13.1.4/babel-webpack/0a8335657c801445c785a3c4adf512c4.json
[16:41:18] Including      : /Volumes/BEEMO-SSD/02_WorkFiles/02_ScubboClients/01_Hays/robotron/Finanzmakler/FE-Library/fm-library/fm-library/.angular/cache/13.1.4/babel-webpack/0c10a9a4194c7e94da9bd6fa9003c41d.json
[16:41:18] Including      : /Volumes/BEEMO-SSD/02_WorkFiles/02_ScubboClients/01_Hays/robotron/Finanzmakler/FE-Library/fm-library/fm-library/.angular/cache/13.1.4/babel-webpack/1322fce644ea05344ccb1aad9075ab73.json
[16:41:18] Including      : /Volumes/BEEMO-SSD/02_WorkFiles/02_ScubboClients/01_Hays/robotron/Finanzmakler/FE-Library/fm-library/fm-library/.angular/cache/13.1.4/babel-webpack/1d3e7beaee1e8049b76027c2f1d997eb.json
[16:41:18] Including      : /Volumes/BEEMO-SSD/02_WorkFiles/02_ScubboClients/01_Hays/robotron/Finanzmakler/FE-Library/fm-library/fm-library/.angular/cache/13.1.4/babel-webpack/1d572638f0964fdac518bc09e3e83e35.json
[16:41:18] Including      : /Volumes/BEEMO-SSD/02_WorkFiles/02_ScubboClients/01_Hays/robotron/Finanzmakler/FE-Library/fm-library/fm-library/.angular/cache/13.1.4/babel-webpack/2355d7a0fa8ed6e6cf1294b79ccd862a.json
[16:41:18] Including      : /Volumes/BEEMO-SSD/02_WorkFiles/02_ScubboClients/01_Hays/robotron/Finanzmakler/FE-Library/fm-library/fm-library/.angular/cache/13.1.4/babel-webpack/2459992a649f22752aefef0b9092b3f2.json
[16:41:18] Including      : /Volumes/BEEMO-SSD/02_WorkFiles/02_ScubboClients/01_Hays/robotron/Finanzmakler/FE-Library/fm-library/fm-library/.angular/cache/13.1.4/babel-webpack/2647fee37a31dab184c9e2698abc8a96.json
[16:41:18] Including      : /Volumes/BEEMO-SSD/02_WorkFiles/02_ScubboClients/01_Hays/robotron/Finanzmakler/FE-Library/fm-library/fm-library/.angular/cache/13.1.4/babel-webpack/26abccd5403d2a0b71a4ce287cf0684d.json
[16:41:18] Including      : /Volumes/BEEMO-SSD/02_WorkFiles/02_ScubboClients/01_Hays/robotron/Finanzmakler/FE-Library/fm-library/fm-library/.angular/cache/13.1.4/babel-webpack/2979f2dde8cf796b852eeeb4bb384759.json
[16:41:18] Including      : /Volumes/BEEMO-SSD/02_WorkFiles/02_ScubboClients/01_Hays/robotron/Finanzmakler/FE-Library/fm-library/fm-library/.angular/cache/13.1.4/babel-webpack/2c9c4ee12b197c2292019c0b1e1f8706.json
[16:41:18] Including      : /Volumes/BEEMO-SSD/02_WorkFiles/02_ScubboClients/01_Hays/robotron/Finanzmakler/FE-Library/fm-library/fm-library/.angular/cache/13.1.4/babel-webpack/2d7a323ff818d60a3f4e59a6078a7067.json
[16:41:18] Including      : /Volumes/BEEMO-SSD/02_WorkFiles/02_ScubboClients/01_Hays/robotron/Finanzmakler/FE-Library/fm-library/fm-library/.angular/cache/13.1.4/babel-webpack/2ec6cde2a1cee03b407fe7111805851d.json
[16:41:18] Including      : /Volumes/BEEMO-SSD/02_WorkFiles/02_ScubboClients/01_Hays/robotron/Finanzmakler/FE-Library/fm-library/fm-library/.angular/cache/13.1.4/babel-webpack/31171b68d43e83f0ffb0ef2c4a43d0f7.json
[16:41:18] Including      : /Volumes/BEEMO-SSD/02_WorkFiles/02_ScubboClients/01_Hays/robotron/Finanzmakler/FE-Library/fm-library/fm-library/.angular/cache/13.1.4/babel-webpack/35e718951c16e7e3fca1b69b954b43b2.json
[16:41:18] Including      : /Volumes/BEEMO-SSD/02_WorkFiles/02_ScubboClients/01_Hays/robotron/Finanzmakler/FE-Library/fm-library/fm-library/.angular/cache/13.1.4/babel-webpack/377bfd006564346b82630496ea118493.json
[16:41:18] Including      : /Volumes/BEEMO-SSD/02_WorkFiles/02_ScubboClients/01_Hays/robotron/Finanzmakler/FE-Library/fm-library/fm-library/.angular/cache/13.1.4/babel-webpack/39f071ff33af935374d512fe09b74f75.json
[16:41:18] Including      : /Volumes/BEEMO-SSD/02_WorkFiles/02_ScubboClients/01_Hays/robotron/Finanzmakler/FE-Library/fm-library/fm-library/.angular/cache/13.1.4/babel-webpack/3a8864731ea60b99534db9e2800bd070.json
[16:41:18] Including      : /Volumes/BEEMO-SSD/02_WorkFiles/02_ScubboClients/01_Hays/robotron/Finanzmakler/FE-Library/fm-library/fm-library/.angular/cache/13.1.4/babel-webpack/3deadeac54842abbf1cb2477778cb2ed.json
[16:41:18] Including      : /Volumes/BEEMO-SSD/02_WorkFiles/02_ScubboClients/01_Hays/robotron/Finanzmakler/FE-Library/fm-library/fm-library/.angular/cache/13.1.4/babel-webpack/43ceffb0bcbcd66f33a0ce249e3fe6a6.json
[16:41:18] Including      : /Volumes/BEEMO-SSD/02_WorkFiles/02_ScubboClients/01_Hays/robotron/Finanzmakler/FE-Library/fm-library/fm-library/.angular/cache/13.1.4/babel-webpack/43f9f306e05f1fced2b0bf3464f7ac8c.json
[16:41:18] Including      : /Volumes/BEEMO-SSD/02_WorkFiles/02_ScubboClients/01_Hays/robotron/Finanzmakler/FE-Library/fm-library/fm-library/.angular/cache/13.1.4/babel-webpack/4a39d6d00d11b746b820117dfa5f8b5b.json
[16:41:18] Including      : /Volumes/BEEMO-SSD/02_WorkFiles/02_ScubboClients/01_Hays/robotron/Finanzmakler/FE-Library/fm-library/fm-library/.angular/cache/13.1.4/babel-webpack/50de35ad928fd16d66b25eba518782d8.json
[16:41:18] Including      : /Volumes/BEEMO-SSD/02_WorkFiles/02_ScubboClients/01_Hays/robotron/Finanzmakler/FE-Library/fm-library/fm-library/.angular/cache/13.1.4/babel-webpack/513fbfea1eb5bee8b51a0473bda3bd33.json
[16:41:18] Including      : /Volumes/BEEMO-SSD/02_WorkFiles/02_ScubboClients/01_Hays/robotron/Finanzmakler/FE-Library/fm-library/fm-library/.angular/cache/13.1.4/babel-webpack/566158e22081a6ab0a19b9ded24ebaeb.json
[16:41:18] Including      : /Volumes/BEEMO-SSD/02_WorkFiles/02_ScubboClients/01_Hays/robotron/Finanzmakler/FE-Library/fm-library/fm-library/.angular/cache/13.1.4/babel-webpack/5c873df1cc93989777e0d08fe97cd1d9.json
[16:41:18] Including      : /Volumes/BEEMO-SSD/02_WorkFiles/02_ScubboClients/01_Hays/robotron/Finanzmakler/FE-Library/fm-library/fm-library/.angular/cache/13.1.4/babel-webpack/63836770117cc7796f2a7312a9d3056c.json
[16:41:18] Including      : /Volumes/BEEMO-SSD/02_WorkFiles/02_ScubboClients/01_Hays/robotron/Finanzmakler/FE-Library/fm-library/fm-library/.angular/cache/13.1.4/babel-webpack/74209bdc745b63d7d7518747b405501e.json
[16:41:18] Including      : /Volumes/BEEMO-SSD/02_WorkFiles/02_ScubboClients/01_Hays/robotron/Finanzmakler/FE-Library/fm-library/fm-library/.angular/cache/13.1.4/babel-webpack/79fffaec4c6ed446de3a9b5e88abe2b9.json
[16:41:18] Including      : /Volumes/BEEMO-SSD/02_WorkFiles/02_ScubboClients/01_Hays/robotron/Finanzmakler/FE-Library/fm-library/fm-library/.angular/cache/13.1.4/babel-webpack/7ec180e1295a3120d35c8050b510525e.json
[16:41:18] Including      : /Volumes/BEEMO-SSD/02_WorkFiles/02_ScubboClients/01_Hays/robotron/Finanzmakler/FE-Library/fm-library/fm-library/.angular/cache/13.1.4/babel-webpack/7f260c63e8dcf0b31a2de7379c53c49a.json
[16:41:18] Including      : /Volumes/BEEMO-SSD/02_WorkFiles/02_ScubboClients/01_Hays/robotron/Finanzmakler/FE-Library/fm-library/fm-library/.angular/cache/13.1.4/babel-webpack/806d02f36a5b24bfd061de2f7f9db3ae.json
[16:41:18] Including      : /Volumes/BEEMO-SSD/02_WorkFiles/02_ScubboClients/01_Hays/robotron/Finanzmakler/FE-Library/fm-library/fm-library/.angular/cache/13.1.4/babel-webpack/81d59ed55886dcd9f7230841e9f17093.json
[16:41:18] Including      : /Volumes/BEEMO-SSD/02_WorkFiles/02_ScubboClients/01_Hays/robotron/Finanzmakler/FE-Library/fm-library/fm-library/.angular/cache/13.1.4/babel-webpack/8953eb656d87f259bc79ef8e35063f7e.json
[16:41:18] Including      : /Volumes/BEEMO-SSD/02_WorkFiles/02_ScubboClients/01_Hays/robotron/Finanzmakler/FE-Library/fm-library/fm-library/.angular/cache/13.1.4/babel-webpack/8c90704e27428faddc5bfdc75aff9d31.json
[16:41:18] Including      : /Volumes/BEEMO-SSD/02_WorkFiles/02_ScubboClients/01_Hays/robotron/Finanzmakler/FE-Library/fm-library/fm-library/.angular/cache/13.1.4/babel-webpack/8f7c5c428d620eda37eedf050a8ca47d.json
[16:41:18] Including      : /Volumes/BEEMO-SSD/02_WorkFiles/02_ScubboClients/01_Hays/robotron/Finanzmakler/FE-Library/fm-library/fm-library/.angular/cache/13.1.4/babel-webpack/90e653deefa0f6bda224bfa80c30f67c.json
[16:41:18] Including      : /Volumes/BEEMO-SSD/02_WorkFiles/02_ScubboClients/01_Hays/robotron/Finanzmakler/FE-Library/fm-library/fm-library/.angular/cache/13.1.4/babel-webpack/920cfe378a55fea522d19bbe02bc37f6.json
[16:41:18] Including      : /Volumes/BEEMO-SSD/02_WorkFiles/02_ScubboClients/01_Hays/robotron/Finanzmakler/FE-Library/fm-library/fm-library/.angular/cache/13.1.4/babel-webpack/98bc6b87df93a1d8615f9c2d8ac34b56.json
[16:41:18] Including      : /Volumes/BEEMO-SSD/02_WorkFiles/02_ScubboClients/01_Hays/robotron/Finanzmakler/FE-Library/fm-library/fm-library/.angular/cache/13.1.4/babel-webpack/9f179f9a79dfc5d0541bc0d301504bd3.json
[16:41:18] Including      : /Volumes/BEEMO-SSD/02_WorkFiles/02_ScubboClients/01_Hays/robotron/Finanzmakler/FE-Library/fm-library/fm-library/.angular/cache/13.1.4/babel-webpack/a53b4e7e61eb4c7cb92fc4bf1419554e.json
[16:41:18] Including      : /Volumes/BEEMO-SSD/02_WorkFiles/02_ScubboClients/01_Hays/robotron/Finanzmakler/FE-Library/fm-library/fm-library/.angular/cache/13.1.4/babel-webpack/a59eae98afebbf4373ed17f137ee197d.json
[16:41:18] Including      : /Volumes/BEEMO-SSD/02_WorkFiles/02_ScubboClients/01_Hays/robotron/Finanzmakler/FE-Library/fm-library/fm-library/.angular/cache/13.1.4/babel-webpack/a7d486e47d62290e8f663dac840d2f29.json
[16:41:18] Including      : /Volumes/BEEMO-SSD/02_WorkFiles/02_ScubboClients/01_Hays/robotron/Finanzmakler/FE-Library/fm-library/fm-library/.angular/cache/13.1.4/babel-webpack/abe3b8d01dc1b7268f8a9ae260253d6d.json
[16:41:18] Including      : /Volumes/BEEMO-SSD/02_WorkFiles/02_ScubboClients/01_Hays/robotron/Finanzmakler/FE-Library/fm-library/fm-library/.angular/cache/13.1.4/babel-webpack/aff17d70b30e4fcc1044ab6d76658b0b.json
[16:41:18] Including      : /Volumes/BEEMO-SSD/02_WorkFiles/02_ScubboClients/01_Hays/robotron/Finanzmakler/FE-Library/fm-library/fm-library/.angular/cache/13.1.4/babel-webpack/b501bcaeccca5c4fd8e62ebad2f393b6.json
[16:41:18] Including      : /Volumes/BEEMO-SSD/02_WorkFiles/02_ScubboClients/01_Hays/robotron/Finanzmakler/FE-Library/fm-library/fm-library/.angular/cache/13.1.4/babel-webpack/b532f9cd7c7225d8b021623a9e8e3de0.json
[16:41:18] Including      : /Volumes/BEEMO-SSD/02_WorkFiles/02_ScubboClients/01_Hays/robotron/Finanzmakler/FE-Library/fm-library/fm-library/.angular/cache/13.1.4/babel-webpack/b5f881b8ff5ad703693e6c1437048d5c.json
[16:41:18] Including      : /Volumes/BEEMO-SSD/02_WorkFiles/02_ScubboClients/01_Hays/robotron/Finanzmakler/FE-Library/fm-library/fm-library/.angular/cache/13.1.4/babel-webpack/be31b7ca4d50adf016c1f3616c815b84.json
[16:41:18] Including      : /Volumes/BEEMO-SSD/02_WorkFiles/02_ScubboClients/01_Hays/robotron/Finanzmakler/FE-Library/fm-library/fm-library/.angular/cache/13.1.4/babel-webpack/c5002816ebbd8131aa3ca36f9b2a8221.json
[16:41:18] Including      : /Volumes/BEEMO-SSD/02_WorkFiles/02_ScubboClients/01_Hays/robotron/Finanzmakler/FE-Library/fm-library/fm-library/.angular/cache/13.1.4/babel-webpack/ca18fa46d2d630b407b878b7c60423df.json
[16:41:18] Including      : /Volumes/BEEMO-SSD/02_WorkFiles/02_ScubboClients/01_Hays/robotron/Finanzmakler/FE-Library/fm-library/fm-library/.angular/cache/13.1.4/babel-webpack/cd6343cd7568bc0bd5abbfaeb4829972.json
[16:41:18] Including      : /Volumes/BEEMO-SSD/02_WorkFiles/02_ScubboClients/01_Hays/robotron/Finanzmakler/FE-Library/fm-library/fm-library/.angular/cache/13.1.4/babel-webpack/ce650ea5e521cb813ef0feb3431038b4.json
[16:41:18] Including      : /Volumes/BEEMO-SSD/02_WorkFiles/02_ScubboClients/01_Hays/robotron/Finanzmakler/FE-Library/fm-library/fm-library/.angular/cache/13.1.4/babel-webpack/d4af8834229edf194afc80b7de497f30.json
[16:41:18] Including      : /Volumes/BEEMO-SSD/02_WorkFiles/02_ScubboClients/01_Hays/robotron/Finanzmakler/FE-Library/fm-library/fm-library/.angular/cache/13.1.4/babel-webpack/d92a0aa80f1687d64ea69784dca6c3f3.json
[16:41:18] Including      : /Volumes/BEEMO-SSD/02_WorkFiles/02_ScubboClients/01_Hays/robotron/Finanzmakler/FE-Library/fm-library/fm-library/.angular/cache/13.1.4/babel-webpack/e4e869cd087c73fdda3e45d8369bf18b.json
[16:41:18] Including      : /Volumes/BEEMO-SSD/02_WorkFiles/02_ScubboClients/01_Hays/robotron/Finanzmakler/FE-Library/fm-library/fm-library/.angular/cache/13.1.4/babel-webpack/e7c5b3c66847012ba841a2ee9d9153c7.json
[16:41:18] Including      : /Volumes/BEEMO-SSD/02_WorkFiles/02_ScubboClients/01_Hays/robotron/Finanzmakler/FE-Library/fm-library/fm-library/.angular/cache/13.1.4/babel-webpack/f1115cb2551c3c96334e43ef286dee6b.json
[16:41:18] Including      : /Volumes/BEEMO-SSD/02_WorkFiles/02_ScubboClients/01_Hays/robotron/Finanzmakler/FE-Library/fm-library/fm-library/.angular/cache/13.1.4/babel-webpack/f5abb48bb97d44d8a8f5a6c9aa04e05b.json
[16:41:18] Including      : /Volumes/BEEMO-SSD/02_WorkFiles/02_ScubboClients/01_Hays/robotron/Finanzmakler/FE-Library/fm-library/fm-library/.angular/cache/13.3.11/angular-webpack/331830de315cc282d103396a50f9bc842a044c1b/0.pack
[16:41:18] Including      : /Volumes/BEEMO-SSD/02_WorkFiles/02_ScubboClients/01_Hays/robotron/Finanzmakler/FE-Library/fm-library/fm-library/.angular/cache/13.3.11/angular-webpack/331830de315cc282d103396a50f9bc842a044c1b/index.pack
[16:41:18] Searching package.json file
[16:41:18] package.json file found
[16:41:18] Processing package.json dependencies
[16:41:18] Searching README.md, CHANGELOG.md, CONTRIBUTING.md, LICENSE.md, TODO.md files
[16:41:18] README.md file found
[16:41:18] Error during /Volumes/BEEMO-SSD/02_WorkFiles/02_ScubboClients/01_Hays/robotron/Finanzmakler/FE-Library/fm-library/fm-library/CHANGELOG read
[16:41:18] Continuing without CHANGELOG.md file
[16:41:18] Error during /Volumes/BEEMO-SSD/02_WorkFiles/02_ScubboClients/01_Hays/robotron/Finanzmakler/FE-Library/fm-library/fm-library/CONTRIBUTING read
[16:41:18] Continuing without CONTRIBUTING.md file
[16:41:18] Error during /Volumes/BEEMO-SSD/02_WorkFiles/02_ScubboClients/01_Hays/robotron/Finanzmakler/FE-Library/fm-library/fm-library/LICENSE read
[16:41:18] Continuing without LICENSE.md file
[16:41:18] Error during /Volumes/BEEMO-SSD/02_WorkFiles/02_ScubboClients/01_Hays/robotron/Finanzmakler/FE-Library/fm-library/fm-library/TODO read
[16:41:18] Continuing without TODO.md file
[16:41:18] Get dependencies data
[16:41:18] parsing        : /Volumes/BEEMO-SSD/02_WorkFiles/02_ScubboClients/01_Hays/robotron/Finanzmakler/FE-Library/fm-library/fm-library/src/main.ts
[16:41:18] parsing        : /Volumes/BEEMO-SSD/02_WorkFiles/02_ScubboClients/01_Hays/robotron/Finanzmakler/FE-Library/fm-library/fm-library/src/polyfills.ts
[16:41:18] parsing        : /Volumes/BEEMO-SSD/02_WorkFiles/02_ScubboClients/01_Hays/robotron/Finanzmakler/FE-Library/fm-library/fm-library/src/test.ts
[16:41:18] found          : require
[16:41:18] found          : context
[16:41:18] parsing        : /Volumes/BEEMO-SSD/02_WorkFiles/02_ScubboClients/01_Hays/robotron/Finanzmakler/FE-Library/fm-library/fm-library/src/app/app-routing.module.ts
[16:41:18] Analysing routes definitions and clean them if necessary
[16:41:18] found          : AppRoutingModule
[16:41:18]                : - imports:
[16:41:18]                : 	- RouterModule
[16:41:18]                : - exports:
[16:41:18]                : 	- RouterModule
[16:41:18] parsing        : /Volumes/BEEMO-SSD/02_WorkFiles/02_ScubboClients/01_Hays/robotron/Finanzmakler/FE-Library/fm-library/fm-library/src/app/app.component.ts
[16:41:18] found          : AppComponent
[16:41:18] parsing        : /Volumes/BEEMO-SSD/02_WorkFiles/02_ScubboClients/01_Hays/robotron/Finanzmakler/FE-Library/fm-library/fm-library/src/app/app.module.ts
[16:41:18] found          : AppModule
[16:41:18]                : - imports:
[16:41:18]                : 	- BrowserModule
[16:41:18]                : 	- AppRoutingModule
[16:41:18]                : 	- BrowserAnimationsModule
[16:41:18]                : - declarations:
[16:41:18]                : 	- AppComponent
[16:41:18]                : - bootstrap:
[16:41:18]                : 	- AppComponent
[16:41:18] parsing        : /Volumes/BEEMO-SSD/02_WorkFiles/02_ScubboClients/01_Hays/robotron/Finanzmakler/FE-Library/fm-library/fm-library/src/environments/environment.prod.ts
[16:41:18] found          : environment
[16:41:18] parsing        : /Volumes/BEEMO-SSD/02_WorkFiles/02_ScubboClients/01_Hays/robotron/Finanzmakler/FE-Library/fm-library/fm-library/src/environments/environment.ts
[16:41:18] found          : environment
[16:41:18] parsing        : /Volumes/BEEMO-SSD/02_WorkFiles/02_ScubboClients/01_Hays/robotron/Finanzmakler/FE-Library/fm-library/fm-library/src/stories/Button.stories.ts
[16:41:18] found          : Template
[16:41:19] found          : Primary
[16:41:19] found          : Secondary
[16:41:19] found          : Large
[16:41:19] found          : Small
[16:41:19] parsing        : /Volumes/BEEMO-SSD/02_WorkFiles/02_ScubboClients/01_Hays/robotron/Finanzmakler/FE-Library/fm-library/fm-library/src/stories/Header.stories.ts
[16:41:19] found          : Template
[16:41:19] found          : LoggedIn
[16:41:19] found          : LoggedOut
[16:41:19] parsing        : /Volumes/BEEMO-SSD/02_WorkFiles/02_ScubboClients/01_Hays/robotron/Finanzmakler/FE-Library/fm-library/fm-library/src/stories/Page.stories.ts
[16:41:19] found          : Template
[16:41:19] found          : LoggedIn
[16:41:19] found          : LoggedOut
[16:41:19] parsing        : /Volumes/BEEMO-SSD/02_WorkFiles/02_ScubboClients/01_Hays/robotron/Finanzmakler/FE-Library/fm-library/fm-library/src/stories/User.ts
[16:41:19] found          : User
[16:41:19] parsing        : /Volumes/BEEMO-SSD/02_WorkFiles/02_ScubboClients/01_Hays/robotron/Finanzmakler/FE-Library/fm-library/fm-library/src/stories/button.component.ts
[16:41:19] found          : ButtonComponent
[16:41:19] parsing        : /Volumes/BEEMO-SSD/02_WorkFiles/02_ScubboClients/01_Hays/robotron/Finanzmakler/FE-Library/fm-library/fm-library/src/stories/header.component.ts
[16:41:19] found          : HeaderComponent
[16:41:19] parsing        : /Volumes/BEEMO-SSD/02_WorkFiles/02_ScubboClients/01_Hays/robotron/Finanzmakler/FE-Library/fm-library/fm-library/src/stories/page.component.ts
[16:41:19] found          : PageComponent
[16:41:19] parsing        : /Volumes/BEEMO-SSD/02_WorkFiles/02_ScubboClients/01_Hays/robotron/Finanzmakler/FE-Library/fm-library/fm-library/src/app/shared/shared.module.ts
[16:41:19] found          : SharedModule
[16:41:19]                : - imports:
[16:41:19]                : 	- CommonModule
[16:41:19]                : 	- MatCardModule
[16:41:19]                : 	- MatDividerModule
[16:41:19]                : 	- MatIconModule
[16:41:19]                : 	- MatListModule
[16:41:19]                : - declarations:
[16:41:19]                : 	- AvatarComponent
[16:41:19]                : 	- AvatarListComponent
[16:41:19] parsing        : /Volumes/BEEMO-SSD/02_WorkFiles/02_ScubboClients/01_Hays/robotron/Finanzmakler/FE-Library/fm-library/fm-library/src/app/shared/avatar/avatar.component.ts
[16:41:19] found          : AvatarComponent
[16:41:19] parsing        : /Volumes/BEEMO-SSD/02_WorkFiles/02_ScubboClients/01_Hays/robotron/Finanzmakler/FE-Library/fm-library/fm-library/src/app/shared/avatar/avatar.stories.ts
[16:41:19] found          : Template
[16:41:19] found          : AvatarDefault
[16:41:19] parsing        : /Volumes/BEEMO-SSD/02_WorkFiles/02_ScubboClients/01_Hays/robotron/Finanzmakler/FE-Library/fm-library/fm-library/src/app/shared/avatar-list/avatar-list.component.ts
[16:41:19] found          : AvatarListComponent
[16:41:19] parsing        : /Volumes/BEEMO-SSD/02_WorkFiles/02_ScubboClients/01_Hays/robotron/Finanzmakler/FE-Library/fm-library/fm-library/src/app/shared/avatar-list/avatar-list.stories.ts
[16:41:19] found          : Template
[16:41:19] found          : AvatarListDefault
[16:41:19] parsing        : /Volumes/BEEMO-SSD/02_WorkFiles/02_ScubboClients/01_Hays/robotron/Finanzmakler/FE-Library/fm-library/fm-library/src/app/shared/models/avatar-data.model.ts
[16:41:19] found          : AvatarData
[16:41:19] -------------------
[16:41:19] Project statistics 
[16:41:19] - files      : 151
[16:41:19] - module     : 3
[16:41:19] - component  : 6
[16:41:19] - interface  : 2
[16:41:19] -------------------
[16:41:19] Prepare components
[16:41:19]  AppComponent has a templateUrl, include it
[16:41:19]  AppComponent has styleUrls, include them
[16:41:19]  AvatarComponent has a templateUrl, include it
[16:41:19]  AvatarComponent has styleUrls, include them
[16:41:19]  AvatarListComponent has a templateUrl, include it
[16:41:19]  AvatarListComponent has styleUrls, include them
[16:41:19]  ButtonComponent has styleUrls, include them
[16:41:19]  HeaderComponent has styleUrls, include them
[16:41:19]  PageComponent has styleUrls, include them
[16:41:19] Prepare modules
[16:41:19] Process routes
[16:41:19] Prepare interfaces
[16:41:19] Prepare miscellaneous
[16:41:19] Process documentation coverage report
[16:41:19] Generating documentation in export format json
[16:41:19] Documentation generated in ./ in 0.379 seconds
info @storybook/angular v6.4.13
info 
info => Cleaning outputDir: /var/folders/rm/nm3m34h54wq6m7_sj2x428wm0000gn/T/chromatic--15268-RaNvyzyWjDhA
info => Loading presets
ERR! Addon value should end in /register OR it should be a valid preset https://storybook.js.org/docs/react/addons/writing-presets/
ERR! @storybook/addon-interactions
info => Compiling manager..
info => Compiling preview..
(node:15296) [DEP0148] DeprecationWarning: Use of deprecated folder mapping "./" in the "exports" field module resolution of the package at /Volumes/BEEMO-SSD/02_WorkFiles/02_ScubboClients/01_Hays/robotron/Finanzmakler/FE-Library/fm-library/fm-library/node_modules/tslib/package.json.
Update this package.json to use a subpath pattern like "./*".
(Use `node --trace-deprecation ...` to show where the warning was created)
info => Using implicit CSS loaders
info => Loading angular-cli config for angular >= 13.0.0
info => Using angular project with "tsConfig:/Volumes/BEEMO-SSD/02_WorkFiles/02_ScubboClients/01_Hays/robotron/Finanzmakler/FE-Library/fm-library/fm-library/.storybook/tsconfig.json"
WARN Your Storybook startup uses a solution that will not be supported in version 7.0. 
WARN You must use angular builder to have an explicit configuration on the project used in angular.json
WARN Read more at:
WARN - https://github.com/storybookjs/storybook/blob/next/MIGRATION.md#sb-angular-builder)
WARN - https://github.com/storybookjs/storybook/blob/next/MIGRATION.md#angular13)
info => Using angular project "fm-library:build" for configuring Storybook
Browserslist: caniuse-lite is outdated. Please run:
  npx browserslist@latest --update-db
  Why you should do it regularly: https://github.com/browserslist/browserslist#browsers-data-updating
info => Using default Webpack5 setup
<s> [webpack.Progress] 0% 

<s> [webpack.Progress] 1% setup initialize
<s> [webpack.Progress] 1% setup initialize HtmlWebpackPlugin
<s> [webpack.Progress] 1% setup initialize
<s> [webpack.Progress] 2% setup before run
<s> [webpack.Progress] 2% setup before run NodeEnvironmentPlugin
<s> [webpack.Progress] 2% setup before run
<s> [webpack.Progress] 3% setup run
<s> [webpack.Progress] 3% setup run
<s> [webpack.Progress] 4% setup normal module factory
<s> [webpack.Progress] 4% setup normal module factory CaseSensitivePathsPlugin
<s> [webpack.Progress] 4% setup normal module factory
<s> [webpack.Progress] 5% setup context module factory
<s> [webpack.Progress] 5% setup context module factory
<s> [webpack.Progress] 6% setup before compile
<s> [webpack.Progress] 6% setup before compile angular-compiler
<s> [webpack.Progress] 6% setup before compile ProgressPlugin
<s> [webpack.Progress] 6% setup before compile
<s> [webpack.Progress] 7% setup compile
<s> [webpack.Progress] 7% setup compile ExternalsPlugin
<s> [webpack.Progress] 7% setup compile
<s> [webpack.Progress] 8% setup compilation
<s> [webpack.Progress] 8% setup compilation CopyPlugin
<s> [webpack.Progress] 8% setup compilation angular-compiler
<s> [webpack.Progress] 8% setup compilation mini-css-extract-plugin
<s> [webpack.Progress] 8% setup compilation ArrayPushCallbackChunkFormatPlugin
<s> [webpack.Progress] 8% setup compilation JsonpChunkLoadingPlugin
<s> [webpack.Progress] 8% setup compilation StartupChunkDependenciesPlugin
<s> [webpack.Progress] 8% setup compilation ImportScriptsChunkLoadingPlugin
<s> [webpack.Progress] 8% setup compilation FetchCompileWasmPlugin
<s> [webpack.Progress] 8% setup compilation FetchCompileAsyncWasmPlugin
<s> [webpack.Progress] 8% setup compilation WorkerPlugin
<s> [webpack.Progress] 8% setup compilation SplitChunksPlugin
<s> [webpack.Progress] 8% setup compilation RuntimeChunkPlugin
<s> [webpack.Progress] 8% setup compilation ResolverCachePlugin
<s> [webpack.Progress] 8% setup compilation HtmlWebpackPlugin
<s> [webpack.Progress] 8% setup compilation
<s> [webpack.Progress] 9% setup compilation
<s> [webpack.Progress] 9% setup compilation named-chunks-plugin
<s> [webpack.Progress] 9% setup compilation DedupeModuleResolvePlugin
<s> [webpack.Progress] 9% setup compilation AnyComponentStyleBudgetChecker
<s> [webpack.Progress] 9% setup compilation mini-css-extract-plugin
<s> [webpack.Progress] 9% setup compilation SuppressExtractedTextChunks
<s> [webpack.Progress] 9% setup compilation DefinePlugin
<s> [webpack.Progress] 9% setup compilation ProvidePlugin
<s> [webpack.Progress] 9% setup compilation ProgressPlugin
<s> [webpack.Progress] 9% setup compilation ChunkPrefetchPreloadPlugin
<s> [webpack.Progress] 9% setup compilation SourceMapDevToolPlugin
<s> [webpack.Progress] 9% setup compilation JavascriptModulesPlugin
<s> [webpack.Progress] 9% setup compilation JsonModulesPlugin
<s> [webpack.Progress] 9% setup compilation AssetModulesPlugin
<s> [webpack.Progress] 9% setup compilation EntryPlugin
<s> [webpack.Progress] 9% setup compilation EntryPlugin
<s> [webpack.Progress] 9% setup compilation EntryPlugin
<s> [webpack.Progress] 9% setup compilation EntryPlugin
<s> [webpack.Progress] 9% setup compilation EntryPlugin
<s> [webpack.Progress] 9% setup compilation EntryPlugin
<s> [webpack.Progress] 9% setup compilation EntryPlugin
<s> [webpack.Progress] 9% setup compilation EntryPlugin
<s> [webpack.Progress] 9% setup compilation EntryPlugin
<s> [webpack.Progress] 9% setup compilation EntryPlugin
<s> [webpack.Progress] 9% setup compilation EntryPlugin
<s> [webpack.Progress] 9% setup compilation EntryPlugin
<s> [webpack.Progress] 9% setup compilation EntryPlugin
<s> [webpack.Progress] 9% setup compilation EntryPlugin
<s> [webpack.Progress] 9% setup compilation EntryPlugin
<s> [webpack.Progress] 9% setup compilation EntryPlugin
<s> [webpack.Progress] 9% setup compilation EntryPlugin
<s> [webpack.Progress] 9% setup compilation EntryPlugin
<s> [webpack.Progress] 9% setup compilation RuntimePlugin
<s> [webpack.Progress] 9% setup compilation InferAsyncModulesPlugin
<s> [webpack.Progress] 9% setup compilation DataUriPlugin
<s> [webpack.Progress] 9% setup compilation FileUriPlugin
<s> [webpack.Progress] 9% setup compilation CompatibilityPlugin
<s> [webpack.Progress] 9% setup compilation HarmonyModulesPlugin
<s> [webpack.Progress] 9% setup compilation AMDPlugin
<s> [webpack.Progress] 9% setup compilation RequireJsStuffPlugin
<s> [webpack.Progress] 9% setup compilation CommonJsPlugin
<s> [webpack.Progress] 9% setup compilation LoaderPlugin
<s> [webpack.Progress] 9% setup compilation LoaderPlugin
<s> [webpack.Progress] 9% setup compilation NodeStuffPlugin
<s> [webpack.Progress] 9% setup compilation APIPlugin
<s> [webpack.Progress] 9% setup compilation ExportsInfoApiPlugin
<s> [webpack.Progress] 9% setup compilation WebpackIsIncludedPlugin
<s> [webpack.Progress] 9% setup compilation ConstPlugin
<s> [webpack.Progress] 9% setup compilation UseStrictPlugin
<s> [webpack.Progress] 9% setup compilation RequireIncludePlugin
<s> [webpack.Progress] 9% setup compilation RequireEnsurePlugin
<s> [webpack.Progress] 9% setup compilation RequireContextPlugin
<s> [webpack.Progress] 9% setup compilation ImportPlugin
<s> [webpack.Progress] 9% setup compilation SystemPlugin
<s> [webpack.Progress] 9% setup compilation ImportMetaPlugin
<s> [webpack.Progress] 9% setup compilation URLPlugin
<s> [webpack.Progress] 9% setup compilation DefaultStatsFactoryPlugin
<s> [webpack.Progress] 9% setup compilation DefaultStatsPresetPlugin
<s> [webpack.Progress] 9% setup compilation DefaultStatsPrinterPlugin
<s> [webpack.Progress] 9% setup compilation JavascriptMetaInfoPlugin
<s> [webpack.Progress] 9% setup compilation EnsureChunkConditionsPlugin
<s> [webpack.Progress] 9% setup compilation RemoveEmptyChunksPlugin
<s> [webpack.Progress] 9% setup compilation MergeDuplicateChunksPlugin
<s> [webpack.Progress] 9% setup compilation FlagIncludedChunksPlugin
<s> [webpack.Progress] 9% setup compilation SideEffectsFlagPlugin
<s> [webpack.Progress] 9% setup compilation FlagDependencyExportsPlugin
<s> [webpack.Progress] 9% setup compilation FlagDependencyUsagePlugin
<s> [webpack.Progress] 9% setup compilation InnerGraphPlugin
<s> [webpack.Progress] 9% setup compilation MangleExportsPlugin
<s> [webpack.Progress] 9% setup compilation ModuleConcatenationPlugin
<s> [webpack.Progress] 9% setup compilation NoEmitOnErrorsPlugin
<s> [webpack.Progress] 9% setup compilation RealContentHashPlugin
<s> [webpack.Progress] 9% setup compilation WasmFinalizeExportsPlugin
<s> [webpack.Progress] 9% setup compilation NamedModuleIdsPlugin
<s> [webpack.Progress] 9% setup compilation DeterministicChunkIdsPlugin
<s> [webpack.Progress] 9% setup compilation DefinePlugin
<s> [webpack.Progress] 9% setup compilation TerserPlugin
<s> [webpack.Progress] 9% setup compilation TemplatedPathPlugin
<s> [webpack.Progress] 9% setup compilation RecordIdsPlugin
<s> [webpack.Progress] 9% setup compilation WarnCaseSensitiveModulesPlugin
<s> [webpack.Progress] 9% setup compilation IgnoreWarningsPlugin
<s> [webpack.Progress] 9% setup compilation
<s> [webpack.Progress] 10% building
<s> [webpack.Progress] 10% building 0/1 entries 0/0 dependencies 0/0 modules
<s> [webpack.Progress] 10% building import loader ./node_modules/mini-css-extract-plugin/dist/loader.js
<s> [webpack.Progress] 10% building import loader ./node_modules/css-loader/dist/cjs.js
<s> [webpack.Progress] 10% building import loader ./node_modules/postcss-loader/dist/cjs.js
<s> [webpack.Progress] 10% building import loader ./node_modules/resolve-url-loader/index.js
<s> [webpack.Progress] 10% building import loader ./node_modules/sass-loader/dist/cjs.js
<s> [webpack.Progress] 10% building 0/18 entries 2/18 dependencies 0/2 modules
<s> [webpack.Progress] 10% building import loader ./node_modules/@angular-devkit/build-angular/src/babel/webpack-loader.js
<s> [webpack.Progress] 10% building import loader ./node_modules/babel-loader/lib/index.js
<s> [webpack.Progress] 10% building 0/18 entries 7/19 dependencies 0/7 modules
<s> [webpack.Progress] 10% building import loader ./node_modules/@ngtools/webpack/src/ivy/index.js
<s> [webpack.Progress] 10% building 0/18 entries 7/19 dependencies 0/7 modules
<s> [webpack.Progress] 10% building 0/18 entries 20/28 dependencies 0/19 modules
<s> [webpack.Progress] 10% building 0/18 entries 82/137 dependencies 2/47 modules
<s> [webpack.Progress] 13% building 1/18 entries 206/300 dependencies 14/113 modules
<s> [webpack.Progress] 13% building 1/18 entries 297/368 dependencies 16/151 modules
<s> [webpack.Progress] 13% building import loader ./node_modules/@mdx-js/loader/index.js
<s> [webpack.Progress] 13% building 1/18 entries 302/368 dependencies 17/151 modules
<s> [webpack.Progress] 13% building import loader ./node_modules/@storybook/source-loader/dist/cjs/index.js
<s> [webpack.Progress] 13% building 1/18 entries 302/368 dependencies 17/151 modules
<s> [webpack.Progress] 13% building 1/18 entries 357/400 dependencies 19/180 modules
<s> [webpack.Progress] 16% building 2/18 entries 604/826 dependencies 47/224 modules
<s> [webpack.Progress] 16% building 2/18 entries 794/837 dependencies 47/300 modules
<s> [webpack.Progress] 16% building 2/18 entries 900/1047 dependencies 61/312 modules
<s> [webpack.Progress] 16% building 2/18 entries 1022/1100 dependencies 76/347 modules
[BABEL] Note: The code generator has deoptimised the styling of /Volumes/BEEMO-SSD/02_WorkFiles/02_ScubboClients/01_Hays/robotron/Finanzmakler/FE-Library/fm-library/fm-library/node_modules/prettier/standalone.js as it exceeds the max of 500KB.
<s> [webpack.Progress] 16% building 2/18 entries 1300/1406 dependencies 115/367 modules
<s> [webpack.Progress] 16% building 2/18 entries 1362/1500 dependencies 118/382 modules
<s> [webpack.Progress] 16% building 2/18 entries 1616/1800 dependencies 186/400 modules
<s> [webpack.Progress] 19% building 3/18 entries 1644/1801 dependencies 245/400 modules
<s> [webpack.Progress] 19% building 3/18 entries 1791/2000 dependencies 266/451 modules
<s> [webpack.Progress] 19% building 3/18 entries 1800/2168 dependencies 266/457 modules
<s> [webpack.Progress] 19% building 3/18 entries 2160/2200 dependencies 291/636 modules
<s> [webpack.Progress] 19% building 3/18 entries 2400/2645 dependencies 321/679 modules
<s> [webpack.Progress] 19% building 3/18 entries 2873/3000 dependencies 347/741 modules
<s> [webpack.Progress] 19% building 3/18 entries 3127/3300 dependencies 375/776 modules
<s> [webpack.Progress] 22% building 4/18 entries 3345/3393 dependencies 399/808 modules
<s> [webpack.Progress] 22% building 4/18 entries 3546/3600 dependencies 462/863 modules
<s> [webpack.Progress] 22% building 4/18 entries 3718/3800 dependencies 598/892 modules
<s> [webpack.Progress] 22% building 4/18 entries 4187/4300 dependencies 674/944 modules
<s> [webpack.Progress] 22% building 4/18 entries 4645/4700 dependencies 794/1089 modules
<s> [webpack.Progress] 22% building 4/18 entries 4800/4859 dependencies 827/1133 modules
<s> [webpack.Progress] 22% building 4/18 entries 5200/5272 dependencies 918/1249 modules
<s> [webpack.Progress] 25% building 5/18 entries 5643/5706 dependencies 1152/1336 modules
<s> [webpack.Progress] 28% building 6/18 entries 5643/5706 dependencies 1153/1336 modules
<s> [webpack.Progress] 31% building 7/18 entries 5643/5706 dependencies 1154/1336 modules
<s> [webpack.Progress] 34% building 8/18 entries 5643/5706 dependencies 1155/1336 modules
<s> [webpack.Progress] 37% building 9/18 entries 5643/5706 dependencies 1156/1336 modules
<s> [webpack.Progress] 40% building 10/18 entries 5643/5706 dependencies 1157/1336 modules
<s> [webpack.Progress] 43% building 11/18 entries 5643/5706 dependencies 1158/1336 modules
<s> [webpack.Progress] 46% building 12/18 entries 5643/5706 dependencies 1159/1336 modules
<s> [webpack.Progress] 49% building 13/18 entries 5643/5706 dependencies 1160/1336 modules
<s> [webpack.Progress] 52% building 14/18 entries 5643/5706 dependencies 1161/1336 modules
<s> [webpack.Progress] 52% building 14/18 entries 6000/6025 dependencies 1258/1410 modules
<s> [webpack.Progress] 52% building 14/18 entries 6370/6383 dependencies 1431/1500 modules
<s> [webpack.Progress] 55% building 15/18 entries 6431/6431 dependencies 1473/1519 modules
<s> [webpack.Progress] 58% building 16/18 entries 6432/6432 dependencies 1499/1519 modules
<s> [webpack.Progress] 61% building 17/18 entries 6434/6434 dependencies 1519/1520 modules
<s> [webpack.Progress] 65% building 18/18 entries 6434/6434 dependencies 1520/1520 modules
<s> [webpack.Progress] 65% building
<s> [webpack.Progress] 69% building finish
<s> [webpack.Progress] 69% building finish
<s> [webpack.Progress] 70% sealing finish module graph
<s> [webpack.Progress] 70% sealing finish module graph angular-compiler
<s> [webpack.Progress] 70% sealing finish module graph ResolverCachePlugin
<s> [webpack.Progress] 70% sealing finish module graph InferAsyncModulesPlugin
<s> [webpack.Progress] 70% sealing finish module graph FlagDependencyExportsPlugin
<s> [webpack.Progress] 70% sealing finish module graph InnerGraphPlugin
<s> [webpack.Progress] 70% sealing finish module graph WasmFinalizeExportsPlugin
<s> [webpack.Progress] 70% sealing finish module graph
<s> [webpack.Progress] 70% sealing plugins
<s> [webpack.Progress] 70% sealing plugins WarnCaseSensitiveModulesPlugin
<s> [webpack.Progress] 70% sealing plugins
<s> [webpack.Progress] 71% sealing dependencies optimization
<s> [webpack.Progress] 71% sealing dependencies optimization SideEffectsFlagPlugin
<s> [webpack.Progress] 71% sealing dependencies optimization FlagDependencyUsagePlugin
<s> [webpack.Progress] 71% sealing dependencies optimization
<s> [webpack.Progress] 71% sealing after dependencies optimization
<s> [webpack.Progress] 71% sealing after dependencies optimization
<s> [webpack.Progress] 72% sealing chunk graph
<s> [webpack.Progress] 72% sealing chunk graph
<s> [webpack.Progress] 73% sealing after chunk graph
<s> [webpack.Progress] 73% sealing after chunk graph
<s> [webpack.Progress] 73% sealing optimizing
<s> [webpack.Progress] 73% sealing optimizing
<s> [webpack.Progress] 74% sealing module optimization
<s> [webpack.Progress] 74% sealing module optimization
<s> [webpack.Progress] 75% sealing after module optimization
<s> [webpack.Progress] 75% sealing after module optimization
<s> [webpack.Progress] 75% sealing chunk optimization
<s> [webpack.Progress] 75% sealing chunk optimization EnsureChunkConditionsPlugin
<s> [webpack.Progress] 75% sealing chunk optimization RemoveEmptyChunksPlugin
<s> [webpack.Progress] 75% sealing chunk optimization MergeDuplicateChunksPlugin
<s> [webpack.Progress] 75% sealing chunk optimization SplitChunksPlugin
<s> [webpack.Progress] 75% sealing chunk optimization RemoveEmptyChunksPlugin
<s> [webpack.Progress] 75% sealing chunk optimization
<s> [webpack.Progress] 76% sealing after chunk optimization
<s> [webpack.Progress] 76% sealing after chunk optimization
<s> [webpack.Progress] 77% sealing module and chunk tree optimization
<s> [webpack.Progress] 77% sealing module and chunk tree optimization PersistentChildCompilerSingletonPlugin
<s> [webpack.Progress] 77% sealing module and chunk tree optimization
<s> [webpack.Progress] 77% sealing after module and chunk tree optimization
<s> [webpack.Progress] 77% sealing after module and chunk tree optimization
<s> [webpack.Progress] 78% sealing chunk modules optimization
<s> [webpack.Progress] 78% sealing chunk modules optimization ModuleConcatenationPlugin
<s> [webpack.Progress] 78% sealing chunk modules optimization
<s> [webpack.Progress] 78% sealing after chunk modules optimization
<s> [webpack.Progress] 78% sealing after chunk modules optimization
<s> [webpack.Progress] 79% sealing module reviving
<s> [webpack.Progress] 79% sealing module reviving RecordIdsPlugin
<s> [webpack.Progress] 79% sealing module reviving
<s> [webpack.Progress] 80% sealing before module ids
<s> [webpack.Progress] 80% sealing before module ids
<s> [webpack.Progress] 80% sealing module ids
<s> [webpack.Progress] 80% sealing module ids NamedModuleIdsPlugin
<s> [webpack.Progress] 80% sealing module ids
<s> [webpack.Progress] 81% sealing module id optimization
<s> [webpack.Progress] 81% sealing module id optimization
<s> [webpack.Progress] 82% sealing module id optimization
<s> [webpack.Progress] 82% sealing module id optimization
<s> [webpack.Progress] 82% sealing chunk reviving
<s> [webpack.Progress] 82% sealing chunk reviving RecordIdsPlugin
<s> [webpack.Progress] 82% sealing chunk reviving
<s> [webpack.Progress] 83% sealing before chunk ids
<s> [webpack.Progress] 83% sealing before chunk ids
<s> [webpack.Progress] 84% sealing chunk ids
<s> [webpack.Progress] 84% sealing chunk ids DeterministicChunkIdsPlugin
<s> [webpack.Progress] 84% sealing chunk ids
<s> [webpack.Progress] 84% sealing chunk id optimization
<s> [webpack.Progress] 84% sealing chunk id optimization FlagIncludedChunksPlugin
<s> [webpack.Progress] 84% sealing chunk id optimization
<s> [webpack.Progress] 85% sealing after chunk id optimization
<s> [webpack.Progress] 85% sealing after chunk id optimization
<s> [webpack.Progress] 86% sealing record modules
<s> [webpack.Progress] 86% sealing record modules RecordIdsPlugin
<s> [webpack.Progress] 86% sealing record modules
<s> [webpack.Progress] 86% sealing record chunks
<s> [webpack.Progress] 86% sealing record chunks RecordIdsPlugin
<s> [webpack.Progress] 86% sealing record chunks
<s> [webpack.Progress] 87% sealing module hashing
<s> [webpack.Progress] 87% sealing module hashing
<s> [webpack.Progress] 87% sealing code generation
<s> [webpack.Progress] 87% sealing code generation
<s> [webpack.Progress] 88% sealing runtime requirements
<s> [webpack.Progress] 88% sealing runtime requirements
<s> [webpack.Progress] 89% sealing hashing
<s> [webpack.Progress] 89% sealing hashing
<s> [webpack.Progress] 89% sealing after hashing
<s> [webpack.Progress] 89% sealing after hashing
<s> [webpack.Progress] 90% sealing record hash
<s> [webpack.Progress] 90% sealing record hash
<s> [webpack.Progress] 91% sealing module assets processing
<s> [webpack.Progress] 91% sealing module assets processing
<s> [webpack.Progress] 91% sealing chunk assets processing
<s> [webpack.Progress] 91% sealing chunk assets processing
<s> [webpack.Progress] 92% sealing asset processing
<s> [webpack.Progress] 92% sealing asset processing copy-webpack-plugin
<s> [webpack.Progress] 92% sealing asset processing PersistentChildCompilerSingletonPlugin
<s> [webpack.Progress] 92% sealing asset processing TerserPlugin
info => Manager built (1.43 min)
<s> [webpack.Progress] 92% sealing asset processing SourceMapDevToolPlugin
<s> [webpack.Progress] 92% sealing asset processing SourceMapDevToolPlugin
<s> [webpack.Progress] 92% sealing asset processing SourceMapDevToolPlugin main.css generate SourceMap
<s> [webpack.Progress] 92% sealing asset processing SourceMapDevToolPlugin main.css generated SourceMap
<s> [webpack.Progress] 92% sealing asset processing SourceMapDevToolPlugin main.2978a80e.iframe.bundle.js generate SourceMap
<s> [webpack.Progress] 92% sealing asset processing SourceMapDevToolPlugin main.2978a80e.iframe.bundle.js generated SourceMap
<s> [webpack.Progress] 92% sealing asset processing SourceMapDevToolPlugin runtime~main.30168e89.iframe.bundle.js generate SourceMap
<s> [webpack.Progress] 92% sealing asset processing SourceMapDevToolPlugin runtime~main.30168e89.iframe.bundle.js generated SourceMap
<s> [webpack.Progress] 92% sealing asset processing SourceMapDevToolPlugin 747.bad21e52.iframe.bundle.js generate SourceMap
<s> [webpack.Progress] 92% sealing asset processing SourceMapDevToolPlugin 747.bad21e52.iframe.bundle.js generated SourceMap
<s> [webpack.Progress] 92% sealing asset processing SourceMapDevToolPlugin 895.827e55c1.iframe.bundle.js generate SourceMap
<s> [webpack.Progress] 92% sealing asset processing SourceMapDevToolPlugin 895.827e55c1.iframe.bundle.js generated SourceMap
<s> [webpack.Progress] 92% sealing asset processing SourceMapDevToolPlugin 459.a28b17f8.iframe.bundle.js generate SourceMap
<s> [webpack.Progress] 92% sealing asset processing SourceMapDevToolPlugin 459.a28b17f8.iframe.bundle.js generated SourceMap
<s> [webpack.Progress] 92% sealing asset processing SourceMapDevToolPlugin 551.143fbd39.iframe.bundle.js generate SourceMap
<s> [webpack.Progress] 92% sealing asset processing SourceMapDevToolPlugin 551.143fbd39.iframe.bundle.js generated SourceMap
<s> [webpack.Progress] 92% sealing asset processing SourceMapDevToolPlugin 299.34361b5d.iframe.bundle.js generate SourceMap
<s> [webpack.Progress] 92% sealing asset processing SourceMapDevToolPlugin 299.34361b5d.iframe.bundle.js generated SourceMap
<s> [webpack.Progress] 92% sealing asset processing SourceMapDevToolPlugin 273.39bbb3c5.iframe.bundle.js generate SourceMap
<s> [webpack.Progress] 92% sealing asset processing SourceMapDevToolPlugin 273.39bbb3c5.iframe.bundle.js generated SourceMap
<s> [webpack.Progress] 92% sealing asset processing SourceMapDevToolPlugin 722.20f86358.iframe.bundle.js generate SourceMap
<s> [webpack.Progress] 92% sealing asset processing SourceMapDevToolPlugin 722.20f86358.iframe.bundle.js generated SourceMap
<s> [webpack.Progress] 92% sealing asset processing SourceMapDevToolPlugin 899.1322f90f.iframe.bundle.js generate SourceMap
<s> [webpack.Progress] 92% sealing asset processing SourceMapDevToolPlugin 899.1322f90f.iframe.bundle.js generated SourceMap
<s> [webpack.Progress] 92% sealing asset processing SourceMapDevToolPlugin 291.97764c0e.iframe.bundle.js generate SourceMap
<s> [webpack.Progress] 92% sealing asset processing SourceMapDevToolPlugin 291.97764c0e.iframe.bundle.js generated SourceMap
<s> [webpack.Progress] 92% sealing asset processing SourceMapDevToolPlugin 795.8327edad.iframe.bundle.js generate SourceMap
<s> [webpack.Progress] 92% sealing asset processing SourceMapDevToolPlugin 795.8327edad.iframe.bundle.js generated SourceMap
<s> [webpack.Progress] 92% sealing asset processing SourceMapDevToolPlugin resolve sources
<s> [webpack.Progress] 92% sealing asset processing SourceMapDevToolPlugin
<s> [webpack.Progress] 92% sealing asset processing HtmlWebpackPlugin
<s> [webpack.Progress] 92% sealing asset processing HtmlWebpackPlugin
<s> [webpack.Progress] 92% sealing asset processing HtmlWebpackPlugin resolve sources
<s> [webpack.Progress] 92% sealing asset processing HtmlWebpackPlugin
<s> [webpack.Progress] 92% sealing asset processing RealContentHashPlugin
<s> [webpack.Progress] 92% sealing asset processing RealContentHashPlugin
<s> [webpack.Progress] 92% sealing asset processing RealContentHashPlugin main.773a21e7.iframe.bundle.js generate SourceMap
<s> [webpack.Progress] 92% sealing asset processing RealContentHashPlugin main.773a21e7.iframe.bundle.js generated SourceMap
<s> [webpack.Progress] 92% sealing asset processing RealContentHashPlugin runtime~main.9170c7a6.iframe.bundle.js generate SourceMap
<s> [webpack.Progress] 92% sealing asset processing RealContentHashPlugin runtime~main.9170c7a6.iframe.bundle.js generated SourceMap
<s> [webpack.Progress] 92% sealing asset processing RealContentHashPlugin 747.3c6724fd.iframe.bundle.js generate SourceMap
<s> [webpack.Progress] 92% sealing asset processing RealContentHashPlugin 747.3c6724fd.iframe.bundle.js generated SourceMap
<s> [webpack.Progress] 92% sealing asset processing RealContentHashPlugin 299.358f1b05.iframe.bundle.js generate SourceMap
<s> [webpack.Progress] 92% sealing asset processing RealContentHashPlugin 299.358f1b05.iframe.bundle.js generated SourceMap
<s> [webpack.Progress] 92% sealing asset processing RealContentHashPlugin 273.bbdd69de.iframe.bundle.js generate SourceMap
<s> [webpack.Progress] 92% sealing asset processing RealContentHashPlugin 273.bbdd69de.iframe.bundle.js generated SourceMap
<s> [webpack.Progress] 92% sealing asset processing RealContentHashPlugin 722.a238c41e.iframe.bundle.js generate SourceMap
<s> [webpack.Progress] 92% sealing asset processing RealContentHashPlugin 722.a238c41e.iframe.bundle.js generated SourceMap
<s> [webpack.Progress] 92% sealing asset processing RealContentHashPlugin 895.bcd24a98.iframe.bundle.js generate SourceMap
<s> [webpack.Progress] 92% sealing asset processing RealContentHashPlugin 895.bcd24a98.iframe.bundle.js generated SourceMap
<s> [webpack.Progress] 92% sealing asset processing RealContentHashPlugin 459.d2d87b4f.iframe.bundle.js generate SourceMap
<s> [webpack.Progress] 92% sealing asset processing RealContentHashPlugin 459.d2d87b4f.iframe.bundle.js generated SourceMap
<s> [webpack.Progress] 92% sealing asset processing RealContentHashPlugin 551.9f5ddcda.iframe.bundle.js generate SourceMap
<s> [webpack.Progress] 92% sealing asset processing RealContentHashPlugin 551.9f5ddcda.iframe.bundle.js generated SourceMap
<s> [webpack.Progress] 92% sealing asset processing RealContentHashPlugin 899.187c6756.iframe.bundle.js generate SourceMap
<s> [webpack.Progress] 92% sealing asset processing RealContentHashPlugin 899.187c6756.iframe.bundle.js generated SourceMap
<s> [webpack.Progress] 92% sealing asset processing RealContentHashPlugin 291.fee5a214.iframe.bundle.js generate SourceMap
<s> [webpack.Progress] 92% sealing asset processing RealContentHashPlugin 291.fee5a214.iframe.bundle.js generated SourceMap
<s> [webpack.Progress] 92% sealing asset processing RealContentHashPlugin 795.f4c863f1.iframe.bundle.js generate SourceMap
<s> [webpack.Progress] 92% sealing asset processing RealContentHashPlugin 795.f4c863f1.iframe.bundle.js generated SourceMap
<s> [webpack.Progress] 92% sealing asset processing RealContentHashPlugin resolve sources
<s> [webpack.Progress] 92% sealing asset processing RealContentHashPlugin
<s> [webpack.Progress] 92% sealing asset processing AnyComponentStyleBudgetChecker
<s> [webpack.Progress] 92% sealing asset processing
<s> [webpack.Progress] 93% sealing after asset optimization
<s> [webpack.Progress] 93% sealing after asset optimization
<s> [webpack.Progress] 93% sealing recording
<s> [webpack.Progress] 93% sealing recording
<s> [webpack.Progress] 94% sealing after seal
<s> [webpack.Progress] 94% sealing after seal
<s> [webpack.Progress] 95% emitting emit
<s> [webpack.Progress] 95% emitting emit
<s> [webpack.Progress] 98% emitting after emit
<s> [webpack.Progress] 98% emitting after emit SizeLimitsPlugin
<s> [webpack.Progress] 98% emitting after emit
<s> [webpack.Progress] 99% done plugins
<s> [webpack.Progress] 99% done plugins CaseSensitivePathsPlugin
<s> [webpack.Progress] 99% done plugins
<s> [webpack.Progress] 99% 

<s> [webpack.Progress] 99% cache store build dependencies
<s> [webpack.Progress] 99% cache store build dependencies
<s> [webpack.Progress] 99% cache begin idle
<s> [webpack.Progress] 99% cache begin idle
<s> [webpack.Progress] 100% 

info => Preview built (1.65 min)
WARN /Volumes/BEEMO-SSD/02_WorkFiles/02_ScubboClients/01_Hays/robotron/Finanzmakler/FE-Library/fm-library/fm-library/src/app/app-routing.module.ts is part of the TypeScript compilation but it's unused.
WARN Add only entry points to the 'files' or 'include' properties in your tsconfig.
WARN /Volumes/BEEMO-SSD/02_WorkFiles/02_ScubboClients/01_Hays/robotron/Finanzmakler/FE-Library/fm-library/fm-library/src/app/app.component.ts is part of the TypeScript compilation but it's unused.
WARN Add only entry points to the 'files' or 'include' properties in your tsconfig.
WARN /Volumes/BEEMO-SSD/02_WorkFiles/02_ScubboClients/01_Hays/robotron/Finanzmakler/FE-Library/fm-library/fm-library/src/app/app.module.ts is part of the TypeScript compilation but it's unused.
WARN Add only entry points to the 'files' or 'include' properties in your tsconfig.
WARN /Volumes/BEEMO-SSD/02_WorkFiles/02_ScubboClients/01_Hays/robotron/Finanzmakler/FE-Library/fm-library/fm-library/src/app/shared/shared.module.ts is part of the TypeScript compilation but it's unused.
WARN Add only entry points to the 'files' or 'include' properties in your tsconfig.
WARN /Volumes/BEEMO-SSD/02_WorkFiles/02_ScubboClients/01_Hays/robotron/Finanzmakler/FE-Library/fm-library/fm-library/src/environments/environment.prod.ts is part of the TypeScript compilation but it's unused.
WARN Add only entry points to the 'files' or 'include' properties in your tsconfig.
WARN /Volumes/BEEMO-SSD/02_WorkFiles/02_ScubboClients/01_Hays/robotron/Finanzmakler/FE-Library/fm-library/fm-library/src/environments/environment.ts is part of the TypeScript compilation but it's unused.
WARN Add only entry points to the 'files' or 'include' properties in your tsconfig.
WARN /Volumes/BEEMO-SSD/02_WorkFiles/02_ScubboClients/01_Hays/robotron/Finanzmakler/FE-Library/fm-library/fm-library/src/main.ts is part of the TypeScript compilation but it's unused.
WARN Add only entry points to the 'files' or 'include' properties in your tsconfig.
WARN asset size limit: The following asset(s) exceed the recommended size limit (244 KiB).
WARN This can impact web performance.
WARN Assets: 
WARN   459.d2d87b4f.iframe.bundle.js (586 KiB)
WARN   795.f4c863f1.iframe.bundle.js (3.48 MiB)
WARN entrypoint size limit: The following entrypoint(s) combined asset size exceeds the recommended limit (244 KiB). This can impact web performance.
WARN Entrypoints:
WARN   main (3.67 MiB)
WARN       runtime~main.9170c7a6.iframe.bundle.js
WARN       795.f4c863f1.iframe.bundle.js
WARN       main.css
WARN       main.773a21e7.iframe.bundle.js
WARN 
<s> [webpack.Progress] 99% cache shutdown
<s> [webpack.Progress] 99% cache shutdown
<s> [webpack.Progress] 100% 

info => Output directory: /var/folders/rm/nm3m34h54wq6m7_sj2x428wm0000gn/T/chromatic--15268-RaNvyzyWjDhA
